<?xml version="1.0" encoding="UTF-8"?>
<testng-results ignored="0" total="1" passed="1" failed="0" skipped="0">
  <reporter-output>
  </reporter-output>
  <suite started-at="2024-09-01T14:24:12 IST" name="Default suite" finished-at="2024-09-01T14:24:17 IST" duration-ms="5527">
    <groups>
    </groups>
    <test started-at="2024-09-01T14:24:12 IST" name="Default test" finished-at="2024-09-01T14:24:17 IST" duration-ms="5527">
      <class name="JiraBugTest">
        <test-method signature="JiraIssueTest()[pri:0, instance:JiraBugTest@4229bb3f]" started-at="2024-09-01T14:24:12 IST" name="JiraIssueTest" finished-at="2024-09-01T14:24:17 IST" duration-ms="5465" status="PASS">
          <reporter-output>
          </reporter-output>
        </test-method> <!-- JiraIssueTest -->
      </class> <!-- JiraBugTest -->
    </test> <!-- Default test -->
  </suite> <!-- Default suite -->
</testng-results>
